<?xml version="1.0" encoding="UTF-8"?>
<!-- Generated by org.testng.reporters.JUnitXMLReporter -->
<testsuite ignored="0" hostname="DESKTOP-VACI220" failures="0" tests="11" name="Default test" time="49.294" errors="0" timestamp="2022-06-10T12:11:54 IST">
  <testcase classname="com.sgtesting.tests.Assignment6" name="launchBrowser" time="3.93"/>
  <testcase classname="com.sgtesting.tests.Assignment6" name="navigate" time="8.128"/>
  <testcase classname="com.sgtesting.tests.Assignment6" name="login" time="3.316"/>
  <testcase classname="com.sgtesting.tests.Assignment6" name="minimizeFlyout" time="4.398"/>
  <testcase classname="com.sgtesting.tests.Assignment6" name="createCustomer" time="6.401"/>
  <testcase classname="com.sgtesting.tests.Assignment6" name="CreateProject" time="4.418"/>
  <testcase classname="com.sgtesting.tests.Assignment6" name="ModifyProject" time="3.427"/>
  <testcase classname="com.sgtesting.tests.Assignment6" name="DeleteProject" time="4.464"/>
  <testcase classname="com.sgtesting.tests.Assignment6" name="DeleteCustomer" time="8.468"/>
  <testcase classname="com.sgtesting.tests.Assignment6" name="logout" time="1.483"/>
  <testcase classname="com.sgtesting.tests.Assignment6" name="closeApplication" time="0.74"/>
</testsuite> <!-- Default test -->
